<?xml version="1.0" encoding="UTF-8"?>
<coverage generated="1551785054134" clover="3.2.0">
  <project timestamp="1551785054134" name="All files">
    <metrics statements="155" coveredstatements="124" conditionals="36" coveredconditionals="23" methods="30" coveredmethods="22" elements="221" coveredelements="169" complexity="0" loc="155" ncloc="155" packages="5" files="10" classes="10">
      <package name="src">
        <metrics statements="73" coveredstatements="48" conditionals="8" coveredconditionals="2" methods="19" coveredmethods="11"/>
        <file name="Login.js" path="C:\Users\Admin\newSessions\src\Login.js">
          <metrics statements="34" coveredstatements="21" conditionals="0" coveredconditionals="0" methods="16" coveredmethods="10"/>
          <line num="7" count="11" type="stmt"/>
          <line num="9" count="11" type="stmt"/>
          <line num="23" count="11" type="stmt"/>
          <line num="24" count="1" type="stmt"/>
          <line num="28" count="11" type="stmt"/>
          <line num="29" count="1" type="stmt"/>
          <line num="33" count="11" type="stmt"/>
          <line num="34" count="1" type="stmt"/>
          <line num="38" count="11" type="stmt"/>
          <line num="39" count="1" type="stmt"/>
          <line num="43" count="11" type="stmt"/>
          <line num="44" count="1" type="stmt"/>
          <line num="48" count="11" type="stmt"/>
          <line num="49" count="1" type="stmt"/>
          <line num="53" count="11" type="stmt"/>
          <line num="54" count="1" type="stmt"/>
          <line num="58" count="11" type="stmt"/>
          <line num="59" count="1" type="stmt"/>
          <line num="64" count="11" type="stmt"/>
          <line num="73" count="0" type="stmt"/>
          <line num="75" count="0" type="stmt"/>
          <line num="76" count="0" type="stmt"/>
          <line num="77" count="0" type="stmt"/>
          <line num="92" count="0" type="stmt"/>
          <line num="94" count="0" type="stmt"/>
          <line num="95" count="0" type="stmt"/>
          <line num="97" count="0" type="stmt"/>
          <line num="100" count="11" type="stmt"/>
          <line num="104" count="0" type="stmt"/>
          <line num="106" count="0" type="stmt"/>
          <line num="117" count="0" type="stmt"/>
          <line num="119" count="0" type="stmt"/>
          <line num="120" count="0" type="stmt"/>
          <line num="125" count="21" type="stmt"/>
        </file>
        <file name="index.js" path="C:\Users\Admin\newSessions\src\index.js">
          <metrics statements="6" coveredstatements="0" conditionals="0" coveredconditionals="0" methods="0" coveredmethods="0"/>
          <line num="1" count="0" type="stmt"/>
          <line num="2" count="0" type="stmt"/>
          <line num="3" count="0" type="stmt"/>
          <line num="4" count="0" type="stmt"/>
          <line num="5" count="0" type="stmt"/>
          <line num="12" count="0" type="stmt"/>
        </file>
        <file name="server.js" path="C:\Users\Admin\newSessions\src\server.js">
          <metrics statements="31" coveredstatements="27" conditionals="8" coveredconditionals="2" methods="3" coveredmethods="1"/>
          <line num="1" count="1" type="stmt"/>
          <line num="2" count="1" type="stmt"/>
          <line num="3" count="1" type="stmt"/>
          <line num="4" count="1" type="stmt"/>
          <line num="5" count="1" type="stmt"/>
          <line num="6" count="1" type="stmt"/>
          <line num="7" count="1" type="stmt"/>
          <line num="9" count="1" type="stmt"/>
          <line num="11" count="1" type="stmt"/>
          <line num="13" count="1" type="stmt"/>
          <line num="15" count="1" type="stmt"/>
          <line num="16" count="1" type="stmt"/>
          <line num="17" count="1" type="stmt"/>
          <line num="18" count="1" type="stmt"/>
          <line num="19" count="1" type="stmt"/>
          <line num="20" count="1" type="stmt"/>
          <line num="22" count="1" type="cond" truecount="1" falsecount="1"/>
          <line num="23" count="1" type="stmt"/>
          <line num="26" count="1" type="stmt"/>
          <line num="27" count="1" type="stmt"/>
          <line num="29" count="1" type="stmt"/>
          <line num="30" count="1" type="stmt"/>
          <line num="31" count="1" type="stmt"/>
          <line num="33" count="1" type="cond" truecount="1" falsecount="1"/>
          <line num="34" count="1" type="stmt"/>
          <line num="35" count="0" type="cond" truecount="0" falsecount="2"/>
          <line num="37" count="0" type="stmt"/>
          <line num="46" count="1" type="stmt"/>
          <line num="47" count="0" type="cond" truecount="0" falsecount="2"/>
          <line num="49" count="0" type="stmt"/>
          <line num="56" count="1" type="stmt"/>
        </file>
        <file name="setuptest.js" path="C:\Users\Admin\newSessions\src\setuptest.js">
          <metrics statements="2" coveredstatements="0" conditionals="0" coveredconditionals="0" methods="0" coveredmethods="0"/>
          <line num="1" count="0" type="stmt"/>
          <line num="2" count="0" type="stmt"/>
        </file>
      </package>
      <package name="src.config">
        <metrics statements="9" coveredstatements="8" conditionals="4" coveredconditionals="3" methods="2" coveredmethods="2"/>
        <file name="passport.js" path="C:\Users\Admin\newSessions\src\config\passport.js">
          <metrics statements="9" coveredstatements="8" conditionals="4" coveredconditionals="3" methods="2" coveredmethods="2"/>
          <line num="1" count="1" type="stmt"/>
          <line num="2" count="1" type="stmt"/>
          <line num="3" count="1" type="stmt"/>
          <line num="5" count="1" type="stmt"/>
          <line num="7" count="1" type="stmt"/>
          <line num="11" count="1" type="stmt"/>
          <line num="13" count="1" type="cond" truecount="3" falsecount="1"/>
          <line num="14" count="0" type="stmt"/>
          <line num="17" count="1" type="stmt"/>
        </file>
      </package>
      <package name="src.models">
        <metrics statements="18" coveredstatements="18" conditionals="0" coveredconditionals="0" methods="4" coveredmethods="4"/>
        <file name="Users.js" path="C:\Users\Admin\newSessions\src\models\Users.js">
          <metrics statements="18" coveredstatements="18" conditionals="0" coveredconditionals="0" methods="4" coveredmethods="4"/>
          <line num="1" count="1" type="stmt"/>
          <line num="2" count="1" type="stmt"/>
          <line num="3" count="1" type="stmt"/>
          <line num="5" count="1" type="stmt"/>
          <line num="7" count="1" type="stmt"/>
          <line num="34" count="1" type="stmt"/>
          <line num="35" count="1" type="stmt"/>
          <line num="38" count="1" type="stmt"/>
          <line num="39" count="1" type="stmt"/>
          <line num="40" count="1" type="stmt"/>
          <line num="43" count="1" type="stmt"/>
          <line num="44" count="3" type="stmt"/>
          <line num="45" count="3" type="stmt"/>
          <line num="46" count="3" type="stmt"/>
          <line num="48" count="3" type="stmt"/>
          <line num="55" count="1" type="stmt"/>
          <line num="56" count="2" type="stmt"/>
          <line num="63" count="1" type="stmt"/>
        </file>
      </package>
      <package name="src.routes">
        <metrics statements="12" coveredstatements="11" conditionals="4" coveredconditionals="2" methods="1" coveredmethods="1"/>
        <file name="auth.js" path="C:\Users\Admin\newSessions\src\routes\auth.js">
          <metrics statements="8" coveredstatements="7" conditionals="4" coveredconditionals="2" methods="1" coveredmethods="1"/>
          <line num="1" count="1" type="stmt"/>
          <line num="3" count="1" type="stmt"/>
          <line num="4" count="8" type="stmt"/>
          <line num="6" count="8" type="cond" truecount="2" falsecount="2"/>
          <line num="7" count="0" type="stmt"/>
          <line num="9" count="8" type="stmt"/>
          <line num="12" count="1" type="stmt"/>
          <line num="26" count="1" type="stmt"/>
        </file>
        <file name="index.js" path="C:\Users\Admin\newSessions\src\routes\index.js">
          <metrics statements="4" coveredstatements="4" conditionals="0" coveredconditionals="0" methods="0" coveredmethods="0"/>
          <line num="1" count="1" type="stmt"/>
          <line num="2" count="1" type="stmt"/>
          <line num="4" count="1" type="stmt"/>
          <line num="6" count="1" type="stmt"/>
        </file>
      </package>
      <package name="src.routes.api">
        <metrics statements="43" coveredstatements="39" conditionals="20" coveredconditionals="16" methods="4" coveredmethods="4"/>
        <file name="index.js" path="C:\Users\Admin\newSessions\src\routes\api\index.js">
          <metrics statements="4" coveredstatements="4" conditionals="0" coveredconditionals="0" methods="0" coveredmethods="0"/>
          <line num="1" count="1" type="stmt"/>
          <line num="2" count="1" type="stmt"/>
          <line num="4" count="1" type="stmt"/>
          <line num="6" count="1" type="stmt"/>
        </file>
        <file name="users.js" path="C:\Users\Admin\newSessions\src\routes\api\users.js">
          <metrics statements="39" coveredstatements="35" conditionals="20" coveredconditionals="16" methods="4" coveredmethods="4"/>
          <line num="1" count="1" type="stmt"/>
          <line num="2" count="1" type="stmt"/>
          <line num="3" count="1" type="stmt"/>
          <line num="4" count="1" type="stmt"/>
          <line num="5" count="1" type="stmt"/>
          <line num="7" count="1" type="stmt"/>
          <line num="8" count="7" type="stmt"/>
          <line num="10" count="7" type="cond" truecount="2" falsecount="0"/>
          <line num="11" count="1" type="stmt"/>
          <line num="18" count="6" type="cond" truecount="2" falsecount="0"/>
          <line num="19" count="1" type="stmt"/>
          <line num="26" count="5" type="cond" truecount="2" falsecount="0"/>
          <line num="27" count="1" type="stmt"/>
          <line num="34" count="4" type="cond" truecount="2" falsecount="0"/>
          <line num="35" count="1" type="stmt"/>
          <line num="42" count="3" type="cond" truecount="2" falsecount="0"/>
          <line num="43" count="1" type="stmt"/>
          <line num="50" count="2" type="cond" truecount="2" falsecount="0"/>
          <line num="51" count="1" type="stmt"/>
          <line num="58" count="1" type="stmt"/>
          <line num="60" count="1" type="stmt"/>
          <line num="62" count="1" type="stmt"/>
          <line num="64" count="1" type="stmt"/>
          <line num="65" count="1" type="stmt"/>
          <line num="68" count="1" type="stmt"/>
          <line num="69" count="1" type="stmt"/>
          <line num="71" count="1" type="cond" truecount="1" falsecount="1"/>
          <line num="72" count="0" type="stmt"/>
          <line num="79" count="1" type="cond" truecount="1" falsecount="1"/>
          <line num="80" count="0" type="stmt"/>
          <line num="87" count="1" type="stmt"/>
          <line num="88" count="1" type="cond" truecount="1" falsecount="1"/>
          <line num="89" count="0" type="stmt"/>
          <line num="92" count="1" type="cond" truecount="1" falsecount="1"/>
          <line num="93" count="1" type="stmt"/>
          <line num="94" count="1" type="stmt"/>
          <line num="96" count="1" type="stmt"/>
          <line num="99" count="0" type="stmt"/>
          <line num="103" count="1" type="stmt"/>
        </file>
      </package>
    </metrics>
  </project>
</coverage>
