{"C:\\Users\\Admin\\newSessions\\src\\Login.js": {"path":"C:\\Users\\Admin\\newSessions\\src\\Login.js","statementMap":{"0":{"start":{"line":7,"column":4},"end":{"line":7,"column":17}},"1":{"start":{"line":9,"column":4},"end":{"line":21,"column":6}},"2":{"start":{"line":23,"column":2},"end":{"line":27,"column":3}},"3":{"start":{"line":24,"column":4},"end":{"line":26,"column":6}},"4":{"start":{"line":28,"column":2},"end":{"line":32,"column":3}},"5":{"start":{"line":29,"column":5},"end":{"line":31,"column":7}},"6":{"start":{"line":33,"column":2},"end":{"line":37,"column":3}},"7":{"start":{"line":34,"column":4},"end":{"line":36,"column":6}},"8":{"start":{"line":38,"column":2},"end":{"line":42,"column":3}},"9":{"start":{"line":39,"column":5},"end":{"line":41,"column":7}},"10":{"start":{"line":43,"column":2},"end":{"line":47,"column":3}},"11":{"start":{"line":44,"column":4},"end":{"line":46,"column":6}},"12":{"start":{"line":48,"column":2},"end":{"line":52,"column":3}},"13":{"start":{"line":49,"column":5},"end":{"line":51,"column":7}},"14":{"start":{"line":53,"column":2},"end":{"line":57,"column":3}},"15":{"start":{"line":54,"column":5},"end":{"line":56,"column":7}},"16":{"start":{"line":58,"column":2},"end":{"line":62,"column":3}},"17":{"start":{"line":59,"column":5},"end":{"line":61,"column":7}},"18":{"start":{"line":64,"column":1},"end":{"line":98,"column":5}},"19":{"start":{"line":73,"column":8},"end":{"line":73,"column":18}},"20":{"start":{"line":75,"column":4},"end":{"line":75,"column":30}},"21":{"start":{"line":76,"column":4},"end":{"line":76,"column":34}},"22":{"start":{"line":77,"column":4},"end":{"line":96,"column":7}},"23":{"start":{"line":92,"column":27},"end":{"line":92,"column":42}},"24":{"start":{"line":94,"column":5},"end":{"line":94,"column":31}},"25":{"start":{"line":95,"column":4},"end":{"line":95,"column":34}},"26":{"start":{"line":97,"column":5},"end":{"line":97,"column":25}},"27":{"start":{"line":100,"column":2},"end":{"line":122,"column":3}},"28":{"start":{"line":104,"column":8},"end":{"line":104,"column":18}},"29":{"start":{"line":106,"column":4},"end":{"line":121,"column":6}},"30":{"start":{"line":117,"column":26},"end":{"line":117,"column":41}},"31":{"start":{"line":119,"column":4},"end":{"line":119,"column":27}},"32":{"start":{"line":120,"column":3},"end":{"line":120,"column":30}},"33":{"start":{"line":125,"column":4},"end":{"line":152,"column":6}}},"fnMap":{"0":{"name":"(anonymous_0)","decl":{"start":{"line":6,"column":2},"end":{"line":6,"column":3}},"loc":{"start":{"line":6,"column":21},"end":{"line":123,"column":3}},"line":6},"1":{"name":"(anonymous_1)","decl":{"start":{"line":23,"column":42},"end":{"line":23,"column":43}},"loc":{"start":{"line":23,"column":53},"end":{"line":27,"column":3}},"line":23},"2":{"name":"(anonymous_2)","decl":{"start":{"line":28,"column":41},"end":{"line":28,"column":42}},"loc":{"start":{"line":28,"column":52},"end":{"line":32,"column":3}},"line":28},"3":{"name":"(anonymous_3)","decl":{"start":{"line":33,"column":38},"end":{"line":33,"column":39}},"loc":{"start":{"line":33,"column":49},"end":{"line":37,"column":3}},"line":33},"4":{"name":"(anonymous_4)","decl":{"start":{"line":38,"column":41},"end":{"line":38,"column":42}},"loc":{"start":{"line":38,"column":52},"end":{"line":42,"column":3}},"line":38},"5":{"name":"(anonymous_5)","decl":{"start":{"line":43,"column":40},"end":{"line":43,"column":41}},"loc":{"start":{"line":43,"column":51},"end":{"line":47,"column":3}},"line":43},"6":{"name":"(anonymous_6)","decl":{"start":{"line":48,"column":47},"end":{"line":48,"column":48}},"loc":{"start":{"line":48,"column":58},"end":{"line":52,"column":3}},"line":48},"7":{"name":"(anonymous_7)","decl":{"start":{"line":53,"column":35},"end":{"line":53,"column":36}},"loc":{"start":{"line":53,"column":46},"end":{"line":57,"column":3}},"line":53},"8":{"name":"(anonymous_8)","decl":{"start":{"line":58,"column":38},"end":{"line":58,"column":39}},"loc":{"start":{"line":58,"column":49},"end":{"line":62,"column":3}},"line":58},"9":{"name":"(anonymous_9)","decl":{"start":{"line":64,"column":19},"end":{"line":64,"column":20}},"loc":{"start":{"line":64,"column":31},"end":{"line":98,"column":5}},"line":64},"10":{"name":"(anonymous_10)","decl":{"start":{"line":92,"column":13},"end":{"line":92,"column":14}},"loc":{"start":{"line":92,"column":27},"end":{"line":92,"column":42}},"line":92},"11":{"name":"(anonymous_11)","decl":{"start":{"line":93,"column":11},"end":{"line":93,"column":12}},"loc":{"start":{"line":93,"column":25},"end":{"line":96,"column":6}},"line":93},"12":{"name":"(anonymous_12)","decl":{"start":{"line":100,"column":17},"end":{"line":100,"column":18}},"loc":{"start":{"line":100,"column":29},"end":{"line":122,"column":3}},"line":100},"13":{"name":"(anonymous_13)","decl":{"start":{"line":117,"column":12},"end":{"line":117,"column":13}},"loc":{"start":{"line":117,"column":26},"end":{"line":117,"column":41}},"line":117},"14":{"name":"(anonymous_14)","decl":{"start":{"line":118,"column":10},"end":{"line":118,"column":11}},"loc":{"start":{"line":118,"column":24},"end":{"line":121,"column":5}},"line":118},"15":{"name":"(anonymous_15)","decl":{"start":{"line":124,"column":2},"end":{"line":124,"column":3}},"loc":{"start":{"line":124,"column":11},"end":{"line":153,"column":3}},"line":124}},"branchMap":{},"s":{"0":11,"1":11,"2":11,"3":1,"4":11,"5":1,"6":11,"7":1,"8":11,"9":1,"10":11,"11":1,"12":11,"13":1,"14":11,"15":1,"16":11,"17":1,"18":11,"19":0,"20":0,"21":0,"22":0,"23":0,"24":0,"25":0,"26":0,"27":11,"28":0,"29":0,"30":0,"31":0,"32":0,"33":21},"f":{"0":11,"1":1,"2":1,"3":1,"4":1,"5":1,"6":1,"7":1,"8":1,"9":0,"10":0,"11":0,"12":0,"13":0,"14":0,"15":21},"b":{},"_coverageSchema":"332fd63041d2c1bcb487cc26dd0d5f7d97098a6c","hash":"0cea0dae36786cb8fd26f46f9f99790d01449f31"}
,"C:\\Users\\Admin\\newSessions\\src\\index.js": {"path":"C:\\Users\\Admin\\newSessions\\src\\index.js","statementMap":{"0":{"start":{"line":1,"column":0},"end":{"line":null,"column":-1}},"1":{"start":{"line":2,"column":0},"end":{"line":null,"column":-1}},"2":{"start":{"line":3,"column":0},"end":{"line":null,"column":-1}},"3":{"start":{"line":4,"column":0},"end":{"line":null,"column":-1}},"4":{"start":{"line":5,"column":0},"end":{"line":null,"column":-1}},"5":{"start":{"line":12,"column":0},"end":{"line":null,"column":-1}}},"fnMap":{},"branchMap":{},"s":{"0":0,"1":0,"2":0,"3":0,"4":0,"5":0},"f":{},"b":{}}
,"C:\\Users\\Admin\\newSessions\\src\\server.js": {"path":"C:\\Users\\Admin\\newSessions\\src\\server.js","statementMap":{"0":{"start":{"line":1,"column":16},"end":{"line":1,"column":34}},"1":{"start":{"line":2,"column":13},"end":{"line":2,"column":28}},"2":{"start":{"line":3,"column":19},"end":{"line":3,"column":41}},"3":{"start":{"line":4,"column":16},"end":{"line":4,"column":42}},"4":{"start":{"line":5,"column":13},"end":{"line":5,"column":28}},"5":{"start":{"line":6,"column":17},"end":{"line":6,"column":36}},"6":{"start":{"line":7,"column":21},"end":{"line":7,"column":44}},"7":{"start":{"line":9,"column":0},"end":{"line":9,"column":34}},"8":{"start":{"line":11,"column":21},"end":{"line":11,"column":58}},"9":{"start":{"line":13,"column":12},"end":{"line":13,"column":21}},"10":{"start":{"line":15,"column":0},"end":{"line":15,"column":16}},"11":{"start":{"line":16,"column":0},"end":{"line":16,"column":34}},"12":{"start":{"line":17,"column":0},"end":{"line":17,"column":52}},"13":{"start":{"line":18,"column":0},"end":{"line":18,"column":27}},"14":{"start":{"line":19,"column":0},"end":{"line":19,"column":56}},"15":{"start":{"line":20,"column":0},"end":{"line":20,"column":118}},"16":{"start":{"line":22,"column":0},"end":{"line":24,"column":1}},"17":{"start":{"line":23,"column":2},"end":{"line":23,"column":26}},"18":{"start":{"line":26,"column":0},"end":{"line":26,"column":233}},"19":{"start":{"line":27,"column":0},"end":{"line":27,"column":28}},"20":{"start":{"line":29,"column":0},"end":{"line":29,"column":26}},"21":{"start":{"line":30,"column":0},"end":{"line":30,"column":29}},"22":{"start":{"line":31,"column":0},"end":{"line":31,"column":29}},"23":{"start":{"line":33,"column":0},"end":{"line":44,"column":1}},"24":{"start":{"line":34,"column":2},"end":{"line":43,"column":5}},"25":{"start":{"line":35,"column":4},"end":{"line":35,"column":34}},"26":{"start":{"line":37,"column":4},"end":{"line":42,"column":7}},"27":{"start":{"line":46,"column":0},"end":{"line":55,"column":3}},"28":{"start":{"line":47,"column":2},"end":{"line":47,"column":32}},"29":{"start":{"line":49,"column":2},"end":{"line":54,"column":5}},"30":{"start":{"line":56,"column":0},"end":{"line":56,"column":80}},"31":{"start":{"line":56,"column":23},"end":{"line":56,"column":78}}},"fnMap":{"0":{"name":"(anonymous_0)","decl":{"start":{"line":34,"column":10},"end":{"line":34,"column":11}},"loc":{"start":{"line":34,"column":29},"end":{"line":43,"column":3}},"line":34},"1":{"name":"(anonymous_1)","decl":{"start":{"line":46,"column":8},"end":{"line":46,"column":9}},"loc":{"start":{"line":46,"column":27},"end":{"line":55,"column":1}},"line":46},"2":{"name":"(anonymous_2)","decl":{"start":{"line":56,"column":17},"end":{"line":56,"column":18}},"loc":{"start":{"line":56,"column":23},"end":{"line":56,"column":78}},"line":56}},"branchMap":{"0":{"loc":{"start":{"line":22,"column":0},"end":{"line":24,"column":1}},"type":"if","locations":[{"start":{"line":22,"column":0},"end":{"line":24,"column":1}},{"start":{"line":22,"column":0},"end":{"line":24,"column":1}}],"line":22},"1":{"loc":{"start":{"line":33,"column":0},"end":{"line":44,"column":1}},"type":"if","locations":[{"start":{"line":33,"column":0},"end":{"line":44,"column":1}},{"start":{"line":33,"column":0},"end":{"line":44,"column":1}}],"line":33},"2":{"loc":{"start":{"line":35,"column":15},"end":{"line":35,"column":32}},"type":"binary-expr","locations":[{"start":{"line":35,"column":15},"end":{"line":35,"column":25}},{"start":{"line":35,"column":29},"end":{"line":35,"column":32}}],"line":35},"3":{"loc":{"start":{"line":47,"column":13},"end":{"line":47,"column":30}},"type":"binary-expr","locations":[{"start":{"line":47,"column":13},"end":{"line":47,"column":23}},{"start":{"line":47,"column":27},"end":{"line":47,"column":30}}],"line":47}},"s":{"0":1,"1":1,"2":1,"3":1,"4":1,"5":1,"6":1,"7":1,"8":1,"9":1,"10":1,"11":1,"12":1,"13":1,"14":1,"15":1,"16":1,"17":1,"18":1,"19":1,"20":1,"21":1,"22":1,"23":1,"24":1,"25":0,"26":0,"27":1,"28":0,"29":0,"30":1,"31":1},"f":{"0":0,"1":0,"2":1},"b":{"0":[1,0],"1":[1,0],"2":[0,0],"3":[0,0]},"_coverageSchema":"332fd63041d2c1bcb487cc26dd0d5f7d97098a6c","hash":"48540a64bc6bbd68ae423a80dad1260f327ac552"}
,"C:\\Users\\Admin\\newSessions\\src\\setuptest.js": {"path":"C:\\Users\\Admin\\newSessions\\src\\setuptest.js","statementMap":{"0":{"start":{"line":1,"column":0},"end":{"line":null,"column":-1}},"1":{"start":{"line":2,"column":0},"end":{"line":null,"column":-1}}},"fnMap":{},"branchMap":{},"s":{"0":0,"1":0},"f":{},"b":{}}
,"C:\\Users\\Admin\\newSessions\\src\\config\\passport.js": {"path":"C:\\Users\\Admin\\newSessions\\src\\config\\passport.js","statementMap":{"0":{"start":{"line":1,"column":17},"end":{"line":1,"column":36}},"1":{"start":{"line":2,"column":17},"end":{"line":2,"column":36}},"2":{"start":{"line":3,"column":22},"end":{"line":3,"column":47}},"3":{"start":{"line":5,"column":14},"end":{"line":5,"column":37}},"4":{"start":{"line":7,"column":0},"end":{"line":19,"column":4}},"5":{"start":{"line":11,"column":2},"end":{"line":18,"column":19}},"6":{"start":{"line":13,"column":6},"end":{"line":15,"column":7}},"7":{"start":{"line":14,"column":8},"end":{"line":14,"column":84}},"8":{"start":{"line":17,"column":6},"end":{"line":17,"column":30}}},"fnMap":{"0":{"name":"(anonymous_0)","decl":{"start":{"line":10,"column":3},"end":{"line":10,"column":4}},"loc":{"start":{"line":10,"column":30},"end":{"line":19,"column":1}},"line":10},"1":{"name":"(anonymous_1)","decl":{"start":{"line":12,"column":10},"end":{"line":12,"column":11}},"loc":{"start":{"line":12,"column":20},"end":{"line":18,"column":5}},"line":12}},"branchMap":{"0":{"loc":{"start":{"line":13,"column":6},"end":{"line":15,"column":7}},"type":"if","locations":[{"start":{"line":13,"column":6},"end":{"line":15,"column":7}},{"start":{"line":13,"column":6},"end":{"line":15,"column":7}}],"line":13},"1":{"loc":{"start":{"line":13,"column":9},"end":{"line":13,"column":50}},"type":"binary-expr","locations":[{"start":{"line":13,"column":9},"end":{"line":13,"column":14}},{"start":{"line":13,"column":18},"end":{"line":13,"column":50}}],"line":13}},"s":{"0":1,"1":1,"2":1,"3":1,"4":1,"5":1,"6":1,"7":0,"8":1},"f":{"0":1,"1":1},"b":{"0":[0,1],"1":[1,1]},"_coverageSchema":"332fd63041d2c1bcb487cc26dd0d5f7d97098a6c","hash":"301ec6979ab63bb91aefa3ea878e63abae01d319"}
,"C:\\Users\\Admin\\newSessions\\src\\models\\Users.js": {"path":"C:\\Users\\Admin\\newSessions\\src\\models\\Users.js","statementMap":{"0":{"start":{"line":1,"column":17},"end":{"line":1,"column":36}},"1":{"start":{"line":2,"column":15},"end":{"line":2,"column":32}},"2":{"start":{"line":3,"column":12},"end":{"line":3,"column":35}},"3":{"start":{"line":5,"column":19},"end":{"line":5,"column":27}},"4":{"start":{"line":7,"column":20},"end":{"line":32,"column":2}},"5":{"start":{"line":34,"column":0},"end":{"line":36,"column":2}},"6":{"start":{"line":35,"column":2},"end":{"line":35,"column":64}},"7":{"start":{"line":38,"column":0},"end":{"line":41,"column":2}},"8":{"start":{"line":39,"column":15},"end":{"line":39,"column":64}},"9":{"start":{"line":40,"column":2},"end":{"line":40,"column":14}},"10":{"start":{"line":43,"column":0},"end":{"line":53,"column":1}},"11":{"start":{"line":44,"column":16},"end":{"line":44,"column":26}},"12":{"start":{"line":45,"column":25},"end":{"line":45,"column":40}},"13":{"start":{"line":46,"column":2},"end":{"line":46,"column":47}},"14":{"start":{"line":48,"column":2},"end":{"line":52,"column":15}},"15":{"start":{"line":55,"column":0},"end":{"line":61,"column":2}},"16":{"start":{"line":56,"column":2},"end":{"line":60,"column":4}},"17":{"start":{"line":63,"column":0},"end":{"line":63,"column":37}}},"fnMap":{"0":{"name":"(anonymous_0)","decl":{"start":{"line":34,"column":35},"end":{"line":34,"column":36}},"loc":{"start":{"line":34,"column":54},"end":{"line":36,"column":1}},"line":34},"1":{"name":"(anonymous_1)","decl":{"start":{"line":38,"column":39},"end":{"line":38,"column":40}},"loc":{"start":{"line":38,"column":64},"end":{"line":41,"column":1}},"line":38},"2":{"name":"(anonymous_2)","decl":{"start":{"line":43,"column":34},"end":{"line":43,"column":35}},"loc":{"start":{"line":43,"column":45},"end":{"line":53,"column":1}},"line":43},"3":{"name":"(anonymous_3)","decl":{"start":{"line":55,"column":33},"end":{"line":55,"column":34}},"loc":{"start":{"line":55,"column":44},"end":{"line":61,"column":1}},"line":55}},"branchMap":{},"s":{"0":1,"1":1,"2":1,"3":1,"4":1,"5":1,"6":1,"7":1,"8":1,"9":1,"10":1,"11":3,"12":3,"13":3,"14":3,"15":1,"16":2,"17":1},"f":{"0":1,"1":1,"2":3,"3":2},"b":{},"_coverageSchema":"332fd63041d2c1bcb487cc26dd0d5f7d97098a6c","hash":"32e7115d9b8ddc717678d2be73dc8734cb933379"}
,"C:\\Users\\Admin\\newSessions\\src\\routes\\auth.js": {"path":"C:\\Users\\Admin\\newSessions\\src\\routes\\auth.js","statementMap":{"0":{"start":{"line":1,"column":12},"end":{"line":1,"column":34}},"1":{"start":{"line":3,"column":28},"end":{"line":10,"column":1}},"2":{"start":{"line":4,"column":41},"end":{"line":4,"column":44}},"3":{"start":{"line":6,"column":2},"end":{"line":8,"column":3}},"4":{"start":{"line":7,"column":4},"end":{"line":7,"column":39}},"5":{"start":{"line":9,"column":2},"end":{"line":9,"column":14}},"6":{"start":{"line":12,"column":13},"end":{"line":24,"column":1}},"7":{"start":{"line":26,"column":0},"end":{"line":26,"column":22}}},"fnMap":{"0":{"name":"(anonymous_0)","decl":{"start":{"line":3,"column":28},"end":{"line":3,"column":29}},"loc":{"start":{"line":3,"column":37},"end":{"line":10,"column":1}},"line":3}},"branchMap":{"0":{"loc":{"start":{"line":6,"column":2},"end":{"line":8,"column":3}},"type":"if","locations":[{"start":{"line":6,"column":2},"end":{"line":8,"column":3}},{"start":{"line":6,"column":2},"end":{"line":8,"column":3}}],"line":6},"1":{"loc":{"start":{"line":6,"column":5},"end":{"line":6,"column":61}},"type":"binary-expr","locations":[{"start":{"line":6,"column":5},"end":{"line":6,"column":18}},{"start":{"line":6,"column":22},"end":{"line":6,"column":61}}],"line":6}},"s":{"0":1,"1":1,"2":8,"3":8,"4":0,"5":8,"6":1,"7":1},"f":{"0":8},"b":{"0":[0,8],"1":[8,0]},"_coverageSchema":"332fd63041d2c1bcb487cc26dd0d5f7d97098a6c","hash":"7a1323529276e9e8855bf1af93f4a7b12871fd6a"}
,"C:\\Users\\Admin\\newSessions\\src\\routes\\index.js": {"path":"C:\\Users\\Admin\\newSessions\\src\\routes\\index.js","statementMap":{"0":{"start":{"line":1,"column":16},"end":{"line":1,"column":34}},"1":{"start":{"line":2,"column":15},"end":{"line":2,"column":31}},"2":{"start":{"line":4,"column":0},"end":{"line":4,"column":37}},"3":{"start":{"line":6,"column":0},"end":{"line":6,"column":24}}},"fnMap":{},"branchMap":{},"s":{"0":1,"1":1,"2":1,"3":1},"f":{},"b":{},"_coverageSchema":"332fd63041d2c1bcb487cc26dd0d5f7d97098a6c","hash":"9ebc3fd2917003b7a923892c653fc00acfacae94"}
,"C:\\Users\\Admin\\newSessions\\src\\routes\\api\\index.js": {"path":"C:\\Users\\Admin\\newSessions\\src\\routes\\api\\index.js","statementMap":{"0":{"start":{"line":1,"column":16},"end":{"line":1,"column":34}},"1":{"start":{"line":2,"column":15},"end":{"line":2,"column":31}},"2":{"start":{"line":4,"column":0},"end":{"line":4,"column":41}},"3":{"start":{"line":6,"column":0},"end":{"line":6,"column":24}}},"fnMap":{},"branchMap":{},"s":{"0":1,"1":1,"2":1,"3":1},"f":{},"b":{},"_coverageSchema":"332fd63041d2c1bcb487cc26dd0d5f7d97098a6c","hash":"7ce1f1abae980e9b64642b1e4c4be09d037de48c"}
,"C:\\Users\\Admin\\newSessions\\src\\routes\\api\\users.js": {"path":"C:\\Users\\Admin\\newSessions\\src\\routes\\api\\users.js","statementMap":{"0":{"start":{"line":1,"column":17},"end":{"line":1,"column":36}},"1":{"start":{"line":2,"column":17},"end":{"line":2,"column":36}},"2":{"start":{"line":3,"column":15},"end":{"line":3,"column":42}},"3":{"start":{"line":4,"column":13},"end":{"line":4,"column":31}},"4":{"start":{"line":5,"column":14},"end":{"line":5,"column":37}},"5":{"start":{"line":7,"column":0},"end":{"line":66,"column":3}},"6":{"start":{"line":8,"column":29},"end":{"line":8,"column":32}},"7":{"start":{"line":10,"column":2},"end":{"line":16,"column":3}},"8":{"start":{"line":11,"column":4},"end":{"line":15,"column":7}},"9":{"start":{"line":18,"column":2},"end":{"line":24,"column":3}},"10":{"start":{"line":19,"column":4},"end":{"line":23,"column":7}},"11":{"start":{"line":26,"column":2},"end":{"line":32,"column":3}},"12":{"start":{"line":27,"column":4},"end":{"line":31,"column":7}},"13":{"start":{"line":34,"column":2},"end":{"line":40,"column":3}},"14":{"start":{"line":35,"column":4},"end":{"line":39,"column":7}},"15":{"start":{"line":42,"column":2},"end":{"line":48,"column":3}},"16":{"start":{"line":43,"column":4},"end":{"line":47,"column":7}},"17":{"start":{"line":50,"column":2},"end":{"line":56,"column":3}},"18":{"start":{"line":51,"column":4},"end":{"line":55,"column":7}},"19":{"start":{"line":58,"column":20},"end":{"line":58,"column":35}},"20":{"start":{"line":60,"column":2},"end":{"line":60,"column":40}},"21":{"start":{"line":62,"column":2},"end":{"line":62,"column":24}},"22":{"start":{"line":64,"column":2},"end":{"line":65,"column":60}},"23":{"start":{"line":65,"column":16},"end":{"line":65,"column":58}},"24":{"start":{"line":68,"column":0},"end":{"line":101,"column":3}},"25":{"start":{"line":69,"column":29},"end":{"line":69,"column":32}},"26":{"start":{"line":71,"column":2},"end":{"line":77,"column":3}},"27":{"start":{"line":72,"column":4},"end":{"line":76,"column":7}},"28":{"start":{"line":79,"column":2},"end":{"line":85,"column":3}},"29":{"start":{"line":80,"column":4},"end":{"line":84,"column":7}},"30":{"start":{"line":87,"column":2},"end":{"line":100,"column":21}},"31":{"start":{"line":88,"column":4},"end":{"line":90,"column":5}},"32":{"start":{"line":89,"column":6},"end":{"line":89,"column":23}},"33":{"start":{"line":92,"column":4},"end":{"line":97,"column":5}},"34":{"start":{"line":93,"column":19},"end":{"line":93,"column":31}},"35":{"start":{"line":94,"column":6},"end":{"line":94,"column":46}},"36":{"start":{"line":96,"column":6},"end":{"line":96,"column":51}},"37":{"start":{"line":99,"column":4},"end":{"line":99,"column":28}},"38":{"start":{"line":103,"column":0},"end":{"line":103,"column":24}}},"fnMap":{"0":{"name":"(anonymous_0)","decl":{"start":{"line":7,"column":32},"end":{"line":7,"column":33}},"loc":{"start":{"line":7,"column":52},"end":{"line":66,"column":1}},"line":7},"1":{"name":"(anonymous_1)","decl":{"start":{"line":65,"column":10},"end":{"line":65,"column":11}},"loc":{"start":{"line":65,"column":16},"end":{"line":65,"column":58}},"line":65},"2":{"name":"(anonymous_2)","decl":{"start":{"line":68,"column":37},"end":{"line":68,"column":38}},"loc":{"start":{"line":68,"column":57},"end":{"line":101,"column":1}},"line":68},"3":{"name":"(anonymous_3)","decl":{"start":{"line":87,"column":60},"end":{"line":87,"column":61}},"loc":{"start":{"line":87,"column":89},"end":{"line":100,"column":3}},"line":87}},"branchMap":{"0":{"loc":{"start":{"line":10,"column":2},"end":{"line":16,"column":3}},"type":"if","locations":[{"start":{"line":10,"column":2},"end":{"line":16,"column":3}},{"start":{"line":10,"column":2},"end":{"line":16,"column":3}}],"line":10},"1":{"loc":{"start":{"line":18,"column":2},"end":{"line":24,"column":3}},"type":"if","locations":[{"start":{"line":18,"column":2},"end":{"line":24,"column":3}},{"start":{"line":18,"column":2},"end":{"line":24,"column":3}}],"line":18},"2":{"loc":{"start":{"line":26,"column":2},"end":{"line":32,"column":3}},"type":"if","locations":[{"start":{"line":26,"column":2},"end":{"line":32,"column":3}},{"start":{"line":26,"column":2},"end":{"line":32,"column":3}}],"line":26},"3":{"loc":{"start":{"line":34,"column":2},"end":{"line":40,"column":3}},"type":"if","locations":[{"start":{"line":34,"column":2},"end":{"line":40,"column":3}},{"start":{"line":34,"column":2},"end":{"line":40,"column":3}}],"line":34},"4":{"loc":{"start":{"line":42,"column":2},"end":{"line":48,"column":3}},"type":"if","locations":[{"start":{"line":42,"column":2},"end":{"line":48,"column":3}},{"start":{"line":42,"column":2},"end":{"line":48,"column":3}}],"line":42},"5":{"loc":{"start":{"line":50,"column":2},"end":{"line":56,"column":3}},"type":"if","locations":[{"start":{"line":50,"column":2},"end":{"line":56,"column":3}},{"start":{"line":50,"column":2},"end":{"line":56,"column":3}}],"line":50},"6":{"loc":{"start":{"line":71,"column":2},"end":{"line":77,"column":3}},"type":"if","locations":[{"start":{"line":71,"column":2},"end":{"line":77,"column":3}},{"start":{"line":71,"column":2},"end":{"line":77,"column":3}}],"line":71},"7":{"loc":{"start":{"line":79,"column":2},"end":{"line":85,"column":3}},"type":"if","locations":[{"start":{"line":79,"column":2},"end":{"line":85,"column":3}},{"start":{"line":79,"column":2},"end":{"line":85,"column":3}}],"line":79},"8":{"loc":{"start":{"line":88,"column":4},"end":{"line":90,"column":5}},"type":"if","locations":[{"start":{"line":88,"column":4},"end":{"line":90,"column":5}},{"start":{"line":88,"column":4},"end":{"line":90,"column":5}}],"line":88},"9":{"loc":{"start":{"line":92,"column":4},"end":{"line":97,"column":5}},"type":"if","locations":[{"start":{"line":92,"column":4},"end":{"line":97,"column":5}},{"start":{"line":92,"column":4},"end":{"line":97,"column":5}}],"line":92}},"s":{"0":1,"1":1,"2":1,"3":1,"4":1,"5":1,"6":7,"7":7,"8":1,"9":6,"10":1,"11":5,"12":1,"13":4,"14":1,"15":3,"16":1,"17":2,"18":1,"19":1,"20":1,"21":1,"22":1,"23":1,"24":1,"25":1,"26":1,"27":0,"28":1,"29":0,"30":1,"31":1,"32":0,"33":1,"34":1,"35":1,"36":1,"37":0,"38":1},"f":{"0":7,"1":1,"2":1,"3":1},"b":{"0":[1,6],"1":[1,5],"2":[1,4],"3":[1,3],"4":[1,2],"5":[1,1],"6":[0,1],"7":[0,1],"8":[0,1],"9":[1,0]},"_coverageSchema":"332fd63041d2c1bcb487cc26dd0d5f7d97098a6c","hash":"01a9b067b1f174c461f7b49db4f39659153ae04a"}
}
