TN:
SF:C:\Users\Admin\newSessions\src\Login.js
FN:6,(anonymous_0)
FN:23,(anonymous_1)
FN:28,(anonymous_2)
FN:33,(anonymous_3)
FN:38,(anonymous_4)
FN:43,(anonymous_5)
FN:48,(anonymous_6)
FN:53,(anonymous_7)
FN:58,(anonymous_8)
FN:64,(anonymous_9)
FN:89,(anonymous_10)
FN:90,(anonymous_11)
FN:103,(anonymous_12)
FN:120,(anonymous_13)
FN:121,(anonymous_14)
FN:135,(anonymous_15)
FNF:16
FNH:10
FNDA:11,(anonymous_0)
FNDA:1,(anonymous_1)
FNDA:1,(anonymous_2)
FNDA:1,(anonymous_3)
FNDA:1,(anonymous_4)
FNDA:1,(anonymous_5)
FNDA:1,(anonymous_6)
FNDA:1,(anonymous_7)
FNDA:1,(anonymous_8)
FNDA:0,(anonymous_9)
FNDA:0,(anonymous_10)
FNDA:0,(anonymous_11)
FNDA:0,(anonymous_12)
FNDA:0,(anonymous_13)
FNDA:0,(anonymous_14)
FNDA:21,(anonymous_15)
DA:7,11
DA:9,11
DA:23,11
DA:24,1
DA:28,11
DA:29,1
DA:33,11
DA:34,1
DA:38,11
DA:39,1
DA:43,11
DA:44,1
DA:48,11
DA:49,1
DA:53,11
DA:54,1
DA:58,11
DA:59,1
DA:64,11
DA:73,0
DA:74,0
DA:89,0
DA:91,0
DA:92,0
DA:96,0
DA:103,11
DA:107,0
DA:109,0
DA:120,0
DA:122,0
DA:123,0
DA:127,0
DA:136,21
LF:33
LH:21
BRDA:91,0,0,0
BRDA:91,0,1,0
BRDA:122,1,0,0
BRDA:122,1,1,0
BRF:4
BRH:0
end_of_record
TN:
SF:C:\Users\Admin\newSessions\src\index.js
FNF:0
FNH:0
DA:1,0
DA:2,0
DA:3,0
DA:4,0
DA:6,0
LF:5
LH:0
BRF:0
BRH:0
end_of_record
TN:
SF:C:\Users\Admin\newSessions\src\server.js
FN:34,(anonymous_0)
FN:46,(anonymous_1)
FN:56,(anonymous_2)
FNF:3
FNH:1
FNDA:0,(anonymous_0)
FNDA:0,(anonymous_1)
FNDA:1,(anonymous_2)
DA:1,1
DA:2,1
DA:3,1
DA:4,1
DA:5,1
DA:6,1
DA:7,1
DA:9,1
DA:11,1
DA:13,1
DA:15,1
DA:16,1
DA:17,1
DA:18,1
DA:19,1
DA:20,1
DA:22,1
DA:23,1
DA:26,1
DA:27,1
DA:29,1
DA:30,1
DA:31,1
DA:33,1
DA:34,1
DA:35,0
DA:37,0
DA:46,1
DA:47,0
DA:49,0
DA:56,1
LF:31
LH:27
BRDA:22,0,0,1
BRDA:22,0,1,0
BRDA:33,1,0,1
BRDA:33,1,1,0
BRDA:35,2,0,0
BRDA:35,2,1,0
BRDA:47,3,0,0
BRDA:47,3,1,0
BRF:8
BRH:2
end_of_record
TN:
SF:C:\Users\Admin\newSessions\src\setuptest.js
FNF:0
FNH:0
DA:1,0
DA:2,0
LF:2
LH:0
BRF:0
BRH:0
end_of_record
TN:
SF:C:\Users\Admin\newSessions\src\config\passport.js
FN:10,(anonymous_0)
FN:12,(anonymous_1)
FNF:2
FNH:2
FNDA:1,(anonymous_0)
FNDA:1,(anonymous_1)
DA:1,1
DA:2,1
DA:3,1
DA:5,1
DA:7,1
DA:11,1
DA:13,1
DA:14,0
DA:17,1
LF:9
LH:8
BRDA:13,0,0,0
BRDA:13,0,1,1
BRDA:13,1,0,1
BRDA:13,1,1,1
BRF:4
BRH:3
end_of_record
TN:
SF:C:\Users\Admin\newSessions\src\models\Users.js
FN:34,(anonymous_0)
FN:38,(anonymous_1)
FN:43,(anonymous_2)
FN:55,(anonymous_3)
FNF:4
FNH:4
FNDA:1,(anonymous_0)
FNDA:1,(anonymous_1)
FNDA:3,(anonymous_2)
FNDA:2,(anonymous_3)
DA:1,1
DA:2,1
DA:3,1
DA:5,1
DA:7,1
DA:34,1
DA:35,1
DA:38,1
DA:39,1
DA:40,1
DA:43,1
DA:44,3
DA:45,3
DA:46,3
DA:48,3
DA:55,1
DA:56,2
DA:63,1
LF:18
LH:18
BRF:0
BRH:0
end_of_record
TN:
SF:C:\Users\Admin\newSessions\src\routes\auth.js
FN:3,(anonymous_0)
FNF:1
FNH:1
FNDA:10,(anonymous_0)
DA:1,1
DA:3,1
DA:4,10
DA:6,10
DA:7,0
DA:9,10
DA:12,1
DA:26,1
LF:8
LH:7
BRDA:6,0,0,0
BRDA:6,0,1,10
BRDA:6,1,0,10
BRDA:6,1,1,0
BRF:4
BRH:2
end_of_record
TN:
SF:C:\Users\Admin\newSessions\src\routes\index.js
FNF:0
FNH:0
DA:1,1
DA:2,1
DA:4,1
DA:6,1
LF:4
LH:4
BRF:0
BRH:0
end_of_record
TN:
SF:C:\Users\Admin\newSessions\src\routes\api\index.js
FNF:0
FNH:0
DA:1,1
DA:2,1
DA:4,1
DA:6,1
LF:4
LH:4
BRF:0
BRH:0
end_of_record
TN:
SF:C:\Users\Admin\newSessions\src\routes\api\users.js
FN:7,(anonymous_0)
FN:58,(anonymous_1)
FN:61,(anonymous_2)
FN:78,(anonymous_3)
FNF:4
FNH:4
FNDA:7,(anonymous_0)
FNDA:1,(anonymous_1)
FNDA:3,(anonymous_2)
FNDA:1,(anonymous_3)
DA:1,1
DA:2,1
DA:3,1
DA:4,1
DA:5,1
DA:7,1
DA:8,7
DA:10,7
DA:11,1
DA:17,6
DA:18,1
DA:24,5
DA:25,1
DA:31,4
DA:32,1
DA:38,3
DA:39,1
DA:45,2
DA:46,1
DA:52,1
DA:54,1
DA:56,1
DA:58,1
DA:61,1
DA:62,3
DA:64,3
DA:65,1
DA:71,2
DA:72,1
DA:78,1
DA:79,1
DA:80,0
DA:83,1
DA:84,1
DA:85,1
DA:87,1
DA:90,0
DA:95,1
LF:38
LH:36
BRDA:10,0,0,1
BRDA:10,0,1,6
BRDA:17,1,0,1
BRDA:17,1,1,5
BRDA:24,2,0,1
BRDA:24,2,1,4
BRDA:31,3,0,1
BRDA:31,3,1,3
BRDA:38,4,0,1
BRDA:38,4,1,2
BRDA:45,5,0,1
BRDA:45,5,1,1
BRDA:64,6,0,1
BRDA:64,6,1,2
BRDA:71,7,0,1
BRDA:71,7,1,1
BRDA:79,8,0,0
BRDA:79,8,1,1
BRDA:83,9,0,1
BRDA:83,9,1,0
BRF:20
BRH:18
end_of_record
